0 info it worked if it ends with ok
1 verbose cli [ 'C:\\Program Files\\nodejs\\\\node.exe',
1 verbose cli   'C:\\Program Files\\nodejs\\node_modules\\npm\\bin\\npm-cli.js',
1 verbose cli   'start' ]
2 info using npm@2.7.4
3 info using node@v0.12.2
4 verbose node symlink C:\Program Files\nodejs\\node.exe
5 verbose stack Error: Invalid name: "Web Technology"
5 verbose stack     at ensureValidName (C:\Program Files\nodejs\node_modules\npm\node_modules\normalize-package-data\lib\fixer.js:322:15)
5 verbose stack     at Object.module.exports.fixNameField (C:\Program Files\nodejs\node_modules\npm\node_modules\normalize-package-data\lib\fixer.js:211:5)
5 verbose stack     at C:\Program Files\nodejs\node_modules\npm\node_modules\normalize-package-data\lib\normalize.js:30:38
5 verbose stack     at Array.forEach (native)
5 verbose stack     at normalize (C:\Program Files\nodejs\node_modules\npm\node_modules\normalize-package-data\lib\normalize.js:29:15)
5 verbose stack     at final (C:\Program Files\nodejs\node_modules\npm\node_modules\read-package-json\read-json.js:368:33)
5 verbose stack     at then (C:\Program Files\nodejs\node_modules\npm\node_modules\read-package-json\read-json.js:127:33)
5 verbose stack     at C:\Program Files\nodejs\node_modules\npm\node_modules\read-package-json\read-json.js:317:48
5 verbose stack     at evalmachine.<anonymous>:263:20
5 verbose stack     at OpenReq.Req.done (C:\Program Files\nodejs\node_modules\npm\node_modules\graceful-fs\graceful-fs.js:141:5)
6 verbose cwd C:\Users\Paul\WebstormProjects\Web Technology
7 error Windows_NT 6.1.7601
8 error argv "C:\\Program Files\\nodejs\\\\node.exe" "C:\\Program Files\\nodejs\\node_modules\\npm\\bin\\npm-cli.js" "start"
9 error node v0.12.2
10 error npm  v2.7.4
11 error Invalid name: "Web Technology"
12 error If you need help, you may report this error at:
12 error     <https://github.com/npm/npm/issues>
13 verbose exit [ 1, true ]
